<?xml version="1.0" encoding="UTF-8"?>
<!-- Generated by org.testng.reporters.JUnitReportReporter -->
<testsuite skipped="0" hostname="DESKTOP-OLTTCV0" name="com.pom.tests.FBLoginTest" tests="1" failures="0" timestamp="08 Mar 2018 22:36:19 GMT" time="5.644" errors="0">
  <testcase name="LogintoFB" time="5.644" classname="com.pom.tests.FBLoginTest"/>
</testsuite> <!-- com.pom.tests.FBLoginTest -->
